d:\visual studio\btlgame\btlgame\x64\debug\vc143.pdb
d:\visual studio\btlgame\btlgame\x64\debug\vc143.idb
d:\visual studio\btlgame\btlgame\x64\debug\wall.obj
d:\visual studio\btlgame\btlgame\x64\debug\game.obj
d:\visual studio\btlgame\btlgame\x64\debug\battlecity.obj
d:\visual studio\btlgame\btlgame\x64\debug\bullet.obj
d:\visual studio\btlgame\btlgame\x64\debug\enemytank.obj
d:\visual studio\btlgame\btlgame\x64\debug\texturemanager.obj
d:\visual studio\btlgame\btlgame\x64\debug\tank.obj
d:\visual studio\btlgame\x64\debug\btlgame.exe
d:\visual studio\btlgame\x64\debug\btlgame.pdb
d:\visual studio\btlgame\btlgame\x64\debug\btlgame.ilk
d:\visual studio\btlgame\btlgame\x64\debug\nativecodeanalysis.read.1.tlog
d:\visual studio\btlgame\btlgame\x64\debug\battlecity.nativecodeanalysis.xml
d:\visual studio\btlgame\btlgame\x64\debug\vc.nativecodeanalysis.all.xml
d:\visual studio\btlgame\btlgame\x64\debug\btlgame.tlog\cl.command.1.tlog
d:\visual studio\btlgame\btlgame\x64\debug\btlgame.tlog\cl.items.tlog
d:\visual studio\btlgame\btlgame\x64\debug\btlgame.tlog\cl.read.1.tlog
d:\visual studio\btlgame\btlgame\x64\debug\btlgame.tlog\cl.write.1.tlog
d:\visual studio\btlgame\btlgame\x64\debug\btlgame.tlog\link.command.1.tlog
d:\visual studio\btlgame\btlgame\x64\debug\btlgame.tlog\link.read.1.tlog
d:\visual studio\btlgame\btlgame\x64\debug\btlgame.tlog\link.secondary.1.tlog
d:\visual studio\btlgame\btlgame\x64\debug\btlgame.tlog\link.write.1.tlog
